<?xml version="1.0" encoding="UTF-8"?>
<!-- Generated by org.testng.reporters.JUnitXMLReporter -->
<testsuite ignored="0" hostname="DESKTOP-385R5N6" failures="1" tests="1" name="Title" time="31.16" errors="0" timestamp="2021-06-11T22:40:54 PST">
  <testcase classname="Academy.validateTitle" name="validateAppTitle" time="0.106">
    <failure type="java.lang.AssertionError" message="expected [FEATURED COURSESqwe] but found [FEATURED COURSES]">
      <![CDATA[java.lang.AssertionError: expected [FEATURED COURSESqwe] but found [FEATURED COURSES]
at Academy.validateTitle.validateAppTitle(validateTitle.java:28)
at java.base/java.util.ArrayList.forEach(ArrayList.java:1511)
at java.base/java.util.concurrent.FutureTask.run(FutureTask.java:264)
at java.base/java.util.concurrent.ThreadPoolExecutor.runWorker(ThreadPoolExecutor.java:1130)
at java.base/java.util.concurrent.ThreadPoolExecutor$Worker.run(ThreadPoolExecutor.java:630)
at java.base/java.lang.Thread.run(Thread.java:832)
... Removed 24 stack frames]]>
    </failure>
  </testcase> <!-- validateAppTitle -->
</testsuite> <!-- Title -->
